mode: set
github.com/nerrad567/gray-logic-core/internal/infrastructure/influxdb/client.go:59.58,60.18 1 1
github.com/nerrad567/gray-logic-core/internal/infrastructure/influxdb/client.go:60.18,62.3 1 1
github.com/nerrad567/gray-logic-core/internal/infrastructure/influxdb/client.go:65.2,66.20 2 1
github.com/nerrad567/gray-logic-core/internal/infrastructure/influxdb/client.go:66.20,68.3 1 1
github.com/nerrad567/gray-logic-core/internal/infrastructure/influxdb/client.go:69.2,70.24 2 1
github.com/nerrad567/gray-logic-core/internal/infrastructure/influxdb/client.go:70.24,72.3 1 1
github.com/nerrad567/gray-logic-core/internal/infrastructure/influxdb/client.go:76.2,89.16 5 1
github.com/nerrad567/gray-logic-core/internal/infrastructure/influxdb/client.go:89.16,92.3 2 1
github.com/nerrad567/gray-logic-core/internal/infrastructure/influxdb/client.go:93.2,93.14 1 1
github.com/nerrad567/gray-logic-core/internal/infrastructure/influxdb/client.go:93.14,96.3 2 0
github.com/nerrad567/gray-logic-core/internal/infrastructure/influxdb/client.go:99.2,112.15 5 1
github.com/nerrad567/gray-logic-core/internal/infrastructure/influxdb/client.go:116.59,117.28 1 1
github.com/nerrad567/gray-logic-core/internal/infrastructure/influxdb/client.go:117.28,122.22 4 0
github.com/nerrad567/gray-logic-core/internal/infrastructure/influxdb/client.go:122.22,124.4 1 0
github.com/nerrad567/gray-logic-core/internal/infrastructure/influxdb/client.go:126.3,126.10 1 0
github.com/nerrad567/gray-logic-core/internal/infrastructure/influxdb/client.go:138.32,139.21 1 1
github.com/nerrad567/gray-logic-core/internal/infrastructure/influxdb/client.go:139.21,141.3 1 0
github.com/nerrad567/gray-logic-core/internal/infrastructure/influxdb/client.go:143.2,153.12 6 1
github.com/nerrad567/gray-logic-core/internal/infrastructure/influxdb/client.go:163.57,164.22 1 1
github.com/nerrad567/gray-logic-core/internal/infrastructure/influxdb/client.go:164.22,166.3 1 0
github.com/nerrad567/gray-logic-core/internal/infrastructure/influxdb/client.go:169.2,173.16 4 1
github.com/nerrad567/gray-logic-core/internal/infrastructure/influxdb/client.go:173.16,175.3 1 1
github.com/nerrad567/gray-logic-core/internal/infrastructure/influxdb/client.go:176.2,176.14 1 1
github.com/nerrad567/gray-logic-core/internal/infrastructure/influxdb/client.go:176.14,178.3 1 0
github.com/nerrad567/gray-logic-core/internal/infrastructure/influxdb/client.go:180.2,180.12 1 1
github.com/nerrad567/gray-logic-core/internal/infrastructure/influxdb/client.go:187.37,191.2 3 1
github.com/nerrad567/gray-logic-core/internal/infrastructure/influxdb/client.go:197.55,201.2 3 1
github.com/nerrad567/gray-logic-core/internal/infrastructure/influxdb/client.go:207.26,208.23 1 1
github.com/nerrad567/gray-logic-core/internal/infrastructure/influxdb/client.go:208.23,210.3 1 1
github.com/nerrad567/gray-logic-core/internal/infrastructure/influxdb/write.go:23.88,24.22 1 1
github.com/nerrad567/gray-logic-core/internal/infrastructure/influxdb/write.go:24.22,26.3 1 0
github.com/nerrad567/gray-logic-core/internal/infrastructure/influxdb/write.go:28.2,40.30 2 1
github.com/nerrad567/gray-logic-core/internal/infrastructure/influxdb/write.go:51.92,52.22 1 1
github.com/nerrad567/gray-logic-core/internal/infrastructure/influxdb/write.go:52.22,54.3 1 0
github.com/nerrad567/gray-logic-core/internal/infrastructure/influxdb/write.go:56.2,59.19 2 1
github.com/nerrad567/gray-logic-core/internal/infrastructure/influxdb/write.go:59.19,61.3 1 1
github.com/nerrad567/gray-logic-core/internal/infrastructure/influxdb/write.go:63.2,72.30 2 1
github.com/nerrad567/gray-logic-core/internal/infrastructure/influxdb/write.go:84.84,85.22 1 1
github.com/nerrad567/gray-logic-core/internal/infrastructure/influxdb/write.go:85.22,87.3 1 0
github.com/nerrad567/gray-logic-core/internal/infrastructure/influxdb/write.go:89.2,101.30 2 1
github.com/nerrad567/gray-logic-core/internal/infrastructure/influxdb/write.go:118.104,119.22 1 1
github.com/nerrad567/gray-logic-core/internal/infrastructure/influxdb/write.go:119.22,121.3 1 0
github.com/nerrad567/gray-logic-core/internal/infrastructure/influxdb/write.go:123.2,124.30 2 1
github.com/nerrad567/gray-logic-core/internal/infrastructure/influxdb/write.go:136.133,137.22 1 1
github.com/nerrad567/gray-logic-core/internal/infrastructure/influxdb/write.go:137.22,139.3 1 0
github.com/nerrad567/gray-logic-core/internal/infrastructure/influxdb/write.go:141.2,142.30 2 1
